# JRE version: OpenJDK Runtime Environment (8.0_152-b01) (build 1.8.0_152-release-915-b01)
# Java VM: OpenJDK 64-Bit Server VM (25.152-b01 mixed mode linux-amd64 compressed oops)
Heap:
 PSYoungGen      total 453120K, used 242998K [0x00000000e0000000, 0x00000000ff880000, 0x0000000100000000)
  eden space 437760K, 55% used [0x00000000e0000000,0x00000000eed4d940,0x00000000fab80000)
  from space 15360K, 0% used [0x00000000fe980000,0x00000000fe980000,0x00000000ff880000)
  to   space 30720K, 0% used [0x00000000fbc80000,0x00000000fbc80000,0x00000000fda80000)
 ParOldGen       total 125952K, used 54799K [0x00000000a0000000, 0x00000000a7b00000, 0x00000000e0000000)
  object space 125952K, 43% used [0x00000000a0000000,0x00000000a3583db0,0x00000000a7b00000)
 Metaspace       used 81442K, capacity 86672K, committed 86872K, reserved 1124352K
  class space    used 10381K, capacity 11586K, committed 11648K, reserved 1048576K
GC Heap History (10 events):
Event: 51,537 GC heap before
{Heap before GC invocations=26 (full 3):
 PSYoungGen      total 466432K, used 460467K [0x00000000e0000000, 0x00000000fe780000, 0x0000000100000000)
  eden space 455168K, 100% used [0x00000000e0000000,0x00000000fbc80000,0x00000000fbc80000)
  from space 11264K, 47% used [0x00000000fdc80000,0x00000000fe1ace48,0x00000000fe780000)
  to   space 22016K, 0% used [0x00000000fbc80000,0x00000000fbc80000,0x00000000fd200000)
 ParOldGen       total 87040K, used 59987K [0x00000000a0000000, 0x00000000a5500000, 0x00000000e0000000)
  object space 87040K, 68% used [0x00000000a0000000,0x00000000a3a94d88,0x00000000a5500000)
 Metaspace       used 65469K, capacity 67994K, committed 68184K, reserved 1107968K
  class space    used 8512K, capacity 9042K, committed 9088K, reserved 1048576K
Event: 51,551 GC heap after
Heap after GC invocations=26 (full 3):
 PSYoungGen      total 477184K, used 6393K [0x00000000e0000000, 0x0000000100000000, 0x0000000100000000)
  eden space 455168K, 0% used [0x00000000e0000000,0x00000000e0000000,0x00000000fbc80000)
  from space 22016K, 29% used [0x00000000fbc80000,0x00000000fc2be608,0x00000000fd200000)
  to   space 22016K, 0% used [0x00000000fea80000,0x00000000fea80000,0x0000000100000000)
 ParOldGen       total 87040K, used 60843K [0x00000000a0000000, 0x00000000a5500000, 0x00000000e0000000)
  object space 87040K, 69% used [0x00000000a0000000,0x00000000a3b6ae58,0x00000000a5500000)
 Metaspace       used 65469K, capacity 67994K, committed 68184K, reserved 1107968K
  class space    used 8512K, capacity 9042K, committed 9088K, reserved 1048576K
}
Event: 2900,657 GC heap before
{Heap before GC invocations=27 (full 3):
 PSYoungGen      total 477184K, used 461561K [0x00000000e0000000, 0x0000000100000000, 0x0000000100000000)
  eden space 455168K, 100% used [0x00000000e0000000,0x00000000fbc80000,0x00000000fbc80000)
  from space 22016K, 29% used [0x00000000fbc80000,0x00000000fc2be608,0x00000000fd200000)
  to   space 22016K, 0% used [0x00000000fea80000,0x00000000fea80000,0x0000000100000000)
 ParOldGen       total 87040K, used 60843K [0x00000000a0000000, 0x00000000a5500000, 0x00000000e0000000)
  object space 87040K, 69% used [0x00000000a0000000,0x00000000a3b6ae58,0x00000000a5500000)
 Metaspace       used 69748K, capacity 73016K, committed 73176K, reserved 1112064K
  class space    used 8928K, capacity 9707K, committed 9728K, reserved 1048576K
Event: 2902,633 GC heap after
Heap after GC invocations=27 (full 3):
 PSYoungGen      total 500224K, used 9290K [0x00000000e0000000, 0x00000000ffe00000, 0x0000000100000000)
  eden space 480256K, 0% used [0x00000000e0000000,0x00000000e0000000,0x00000000fd500000)
  from space 19968K, 46% used [0x00000000fea80000,0x00000000ff392a08,0x00000000ffe00000)
  to   space 20992K, 0% used [0x00000000fd500000,0x00000000fd500000,0x00000000fe980000)
 ParOldGen       total 87040K, used 60851K [0x00000000a0000000, 0x00000000a5500000, 0x00000000e0000000)
  object space 87040K, 69% used [0x00000000a0000000,0x00000000a3b6ce58,0x00000000a5500000)
 Metaspace       used 69748K, capacity 73016K, committed 73176K, reserved 1112064K
  class space    used 8928K, capacity 9707K, committed 9728K, reserved 1048576K
}
Event: 3007,749 GC heap before
{Heap before GC invocations=28 (full 3):
 PSYoungGen      total 500224K, used 489546K [0x00000000e0000000, 0x00000000ffe00000, 0x0000000100000000)
  eden space 480256K, 100% used [0x00000000e0000000,0x00000000fd500000,0x00000000fd500000)
  from space 19968K, 46% used [0x00000000fea80000,0x00000000ff392a08,0x00000000ffe00000)
  to   space 20992K, 0% used [0x00000000fd500000,0x00000000fd500000,0x00000000fe980000)
 ParOldGen       total 87040K, used 60851K [0x00000000a0000000, 0x00000000a5500000, 0x00000000e0000000)
  object space 87040K, 69% used [0x00000000a0000000,0x00000000a3b6ce58,0x00000000a5500000)
 Metaspace       used 79269K, capacity 83820K, committed 83928K, reserved 1122304K
  class space    used 10168K, capacity 11190K, committed 11264K, reserved 1048576K
Event: 3007,818 GC heap after
Heap after GC invocations=28 (full 3):
 PSYoungGen      total 479232K, used 20980K [0x00000000e0000000, 0x00000000ff880000, 0x0000000100000000)
  eden space 458240K, 0% used [0x00000000e0000000,0x00000000e0000000,0x00000000fbf80000)
  from space 20992K, 99% used [0x00000000fd500000,0x00000000fe97d110,0x00000000fe980000)
  to   space 15360K, 0% used [0x00000000fe980000,0x00000000fe980000,0x00000000ff880000)
 ParOldGen       total 87040K, used 74782K [0x00000000a0000000, 0x00000000a5500000, 0x00000000e0000000)
  object space 87040K, 85% used [0x00000000a0000000,0x00000000a4907b78,0x00000000a5500000)
 Metaspace       used 79269K, capacity 83820K, committed 83928K, reserved 1122304K
  class space    used 10168K, capacity 11190K, committed 11264K, reserved 1048576K
}
Event: 3471,554 GC heap before
{Heap before GC invocations=29 (full 3):
 PSYoungGen      total 479232K, used 479220K [0x00000000e0000000, 0x00000000ff880000, 0x0000000100000000)
  eden space 458240K, 100% used [0x00000000e0000000,0x00000000fbf80000,0x00000000fbf80000)
  from space 20992K, 99% used [0x00000000fd500000,0x00000000fe97d110,0x00000000fe980000)
  to   space 15360K, 0% used [0x00000000fe980000,0x00000000fe980000,0x00000000ff880000)
 ParOldGen       total 87040K, used 74782K [0x00000000a0000000, 0x00000000a5500000, 0x00000000e0000000)
  object space 87040K, 85% used [0x00000000a0000000,0x00000000a4907b78,0x00000000a5500000)
 Metaspace       used 80358K, capacity 85392K, committed 85592K, reserved 1124352K
  class space    used 10257K, capacity 11388K, committed 11392K, reserved 1048576K
Event: 3471,676 GC heap after
Heap after GC invocations=29 (full 3):
 PSYoungGen      total 453120K, used 15336K [0x00000000e0000000, 0x00000000ff880000, 0x0000000100000000)
  eden space 437760K, 0% used [0x00000000e0000000,0x00000000e0000000,0x00000000fab80000)
  from space 15360K, 99% used [0x00000000fe980000,0x00000000ff87a0c0,0x00000000ff880000)
  to   space 30720K, 0% used [0x00000000fbc80000,0x00000000fbc80000,0x00000000fda80000)
 ParOldGen       total 87040K, used 80630K [0x00000000a0000000, 0x00000000a5500000, 0x00000000e0000000)
  object space 87040K, 92% used [0x00000000a0000000,0x00000000a4ebda98,0x00000000a5500000)
 Metaspace       used 80358K, capacity 85392K, committed 85592K, reserved 1124352K
  class space    used 10257K, capacity 11388K, committed 11392K, reserved 1048576K
}
Event: 3471,676 GC heap before
{Heap before GC invocations=30 (full 4):
 PSYoungGen      total 453120K, used 15336K [0x00000000e0000000, 0x00000000ff880000, 0x0000000100000000)
  eden space 437760K, 0% used [0x00000000e0000000,0x00000000e0000000,0x00000000fab80000)
  from space 15360K, 99% used [0x00000000fe980000,0x00000000ff87a0c0,0x00000000ff880000)
  to   space 30720K, 0% used [0x00000000fbc80000,0x00000000fbc80000,0x00000000fda80000)
 ParOldGen       total 87040K, used 80630K [0x00000000a0000000, 0x00000000a5500000, 0x00000000e0000000)
  object space 87040K, 92% used [0x00000000a0000000,0x00000000a4ebda98,0x00000000a5500000)
 Metaspace       used 80358K, capacity 85392K, committed 85592K, reserved 1124352K
  class space    used 10257K, capacity 11388K, committed 11392K, reserved 1048576K
Event: 3477,343 GC heap after
Heap after GC invocations=30 (full 4):
 PSYoungGen      total 453120K, used 0K [0x00000000e0000000, 0x00000000ff880000, 0x0000000100000000)
  eden space 437760K, 0% used [0x00000000e0000000,0x00000000e0000000,0x00000000fab80000)
  from space 15360K, 0% used [0x00000000fe980000,0x00000000fe980000,0x00000000ff880000)
  to   space 30720K, 0% used [0x00000000fbc80000,0x00000000fbc80000,0x00000000fda80000)
 ParOldGen       total 125952K, used 54799K [0x00000000a0000000, 0x00000000a7b00000, 0x00000000e0000000)
  object space 125952K, 43% used [0x00000000a0000000,0x00000000a3583db0,0x00000000a7b00000)
 Metaspace       used 79567K, capacity 84218K, committed 85592K, reserved 1124352K
  class space    used 10104K, capacity 11175K, committed 11392K, reserved 1048576K
}

